TN:
SF:E:\Projects\Angular\Softrams-Racing\Softrams_Racing_Updated\src\polyfills.ts
FNF:0
FNH:0
LF:0
LH:0
BRF:0
BRH:0
end_of_record
TN:
SF:E:/Projects/Angular/Softrams-Racing/Softrams_Racing_Updated/src/test.ts
FNF:0
FNH:0
DA:13,1
DA:18,1
DA:20,1
LF:3
LH:3
BRF:0
BRH:0
end_of_record
TN:
SF:E:\Projects\Angular\Softrams-Racing\Softrams_Racing_Updated\src\test.ts
FNF:0
FNH:0
LF:0
LH:0
BRF:0
BRH:0
end_of_record
TN:
SF:E:/Projects/Angular/Softrams-Racing/Softrams_Racing_Updated/src/app/app.component.ts
FN:9,(anonymous_3)
FN:12,AppComponent
FN:15,(anonymous_5)
FNF:3
FNH:2
FNDA:1,(anonymous_3)
FNDA:2,AppComponent
FNDA:0,(anonymous_5)
DA:9,1
DA:10,2
DA:12,2
DA:15,1
DA:16,0
DA:17,0
DA:20,1
LF:7
LH:5
BRDA:16,0,0,0
BRDA:16,0,1,0
BRDA:16,1,0,0
BRDA:16,1,1,0
BRF:4
BRH:0
end_of_record
TN:
SF:E:\Projects\Angular\Softrams-Racing\Softrams_Racing_Updated\src\app\app.component.ts
FNF:0
FNH:0
LF:0
LH:0
BRF:0
BRH:0
end_of_record
TN:
SF:E:/Projects/Angular/Softrams-Racing/Softrams_Racing_Updated/src/app/app.service.ts
FN:9,(anonymous_3)
FN:14,AppService
FN:17,(anonymous_5)
FN:24,(anonymous_6)
FN:54,(anonymous_7)
FN:60,(anonymous_8)
FN:62,(anonymous_9)
FNF:7
FNH:5
FNDA:1,(anonymous_3)
FNDA:13,AppService
FNDA:4,(anonymous_5)
FNDA:1,(anonymous_6)
FNDA:1,(anonymous_7)
FNDA:0,(anonymous_8)
FNDA:0,(anonymous_9)
DA:9,1
DA:10,13
DA:14,13
DA:17,1
DA:18,4
DA:24,1
DA:26,1
DA:35,1
DA:49,1
DA:54,1
DA:55,1
DA:60,1
DA:62,1
DA:63,0
DA:64,0
DA:66,0
DA:70,0
DA:72,1
LF:18
LH:14
BRDA:63,0,0,0
BRDA:63,0,1,0
BRF:2
BRH:0
end_of_record
TN:
SF:E:\Projects\Angular\Softrams-Racing\Softrams_Racing_Updated\src\app\app.service.ts
FNF:0
FNH:0
LF:0
LH:0
BRF:0
BRH:0
end_of_record
TN:
SF:E:/Projects/Angular/Softrams-Racing/Softrams_Racing_Updated/src/app/banner/banner.component.ts
FN:10,(anonymous_3)
FN:11,BannerComponent
FN:13,(anonymous_5)
FN:15,(anonymous_6)
FNF:4
FNH:4
FNDA:1,(anonymous_3)
FNDA:4,BannerComponent
FNDA:2,(anonymous_5)
FNDA:1,(anonymous_6)
DA:10,1
DA:11,4
DA:13,1
DA:15,1
DA:16,1
DA:17,1
DA:18,1
DA:20,1
LF:8
LH:8
BRF:0
BRH:0
end_of_record
TN:
SF:E:\Projects\Angular\Softrams-Racing\Softrams_Racing_Updated\src\app\banner\banner.component.ts
FNF:0
FNH:0
LF:0
LH:0
BRF:0
BRH:0
end_of_record
TN:
SF:E:/Projects/Angular/Softrams-Racing/Softrams_Racing_Updated/src/app/login/login.component.ts
FN:11,(anonymous_3)
FN:15,LoginComponent
FN:18,(anonymous_5)
FN:26,(anonymous_6)
FNF:4
FNH:4
FNDA:1,(anonymous_3)
FNDA:3,LoginComponent
FNDA:3,(anonymous_5)
FNDA:1,(anonymous_6)
DA:11,1
DA:15,3
DA:18,1
DA:19,3
DA:20,3
DA:26,1
DA:27,1
DA:29,1
DA:30,1
DA:31,1
DA:34,1
LF:11
LH:11
BRF:0
BRH:0
end_of_record
TN:
SF:E:\Projects\Angular\Softrams-Racing\Softrams_Racing_Updated\src\app\login\login.component.ts
FNF:0
FNH:0
LF:0
LH:0
BRF:0
BRH:0
end_of_record
TN:
SF:E:/Projects/Angular/Softrams-Racing/Softrams_Racing_Updated/src/app/member-details/member-details.component.ts
FN:20,(anonymous_3)
FN:28,MemberDetailsComponent
FN:30,(anonymous_5)
FN:32,(anonymous_6)
FN:35,(anonymous_7)
FNF:5
FNH:3
FNDA:1,(anonymous_3)
FNDA:1,MemberDetailsComponent
FNDA:1,(anonymous_5)
FNDA:0,(anonymous_6)
FNDA:0,(anonymous_7)
DA:20,1
DA:23,1
DA:26,1
DA:28,1
DA:30,1
DA:32,1
DA:35,1
DA:36,0
DA:38,1
LF:9
LH:8
BRF:0
BRH:0
end_of_record
TN:
SF:E:\Projects\Angular\Softrams-Racing\Softrams_Racing_Updated\src\app\member-details\member-details.component.ts
FNF:0
FNH:0
LF:0
LH:0
BRF:0
BRH:0
end_of_record
TN:
SF:E:/Projects/Angular/Softrams-Racing/Softrams_Racing_Updated/src/app/members/members.component.ts
FN:11,(anonymous_3)
FN:20,MembersComponent
FN:24,(anonymous_5)
FN:26,(anonymous_6)
FN:29,(anonymous_7)
FN:33,(anonymous_8)
FN:37,(anonymous_9)
FNF:7
FNH:5
FNDA:1,(anonymous_3)
FNDA:4,MembersComponent
FNDA:4,(anonymous_5)
FNDA:0,(anonymous_6)
FNDA:1,(anonymous_7)
FNDA:1,(anonymous_8)
FNDA:0,(anonymous_9)
DA:11,1
DA:12,4
DA:20,4
DA:24,4
DA:25,4
DA:26,4
DA:29,1
DA:30,1
DA:33,1
DA:34,1
DA:36,1
DA:37,0
DA:41,1
LF:13
LH:12
BRF:0
BRH:0
end_of_record
TN:
SF:E:\Projects\Angular\Softrams-Racing\Softrams_Racing_Updated\src\app\members\members.component.ts
FNF:0
FNH:0
LF:0
LH:0
BRF:0
BRH:0
end_of_record
